[1216/023018:INFO:(0)] WebCore is now online.
[1216/023018:INFO:(0)] Running Awesomium 1.7.3
[1216/023247:INFO:(0)] WebCore is now online.
[1216/023247:INFO:(0)] Running Awesomium 1.7.3
[1216/023344:INFO:(0)] WebCore is now online.
[1216/023344:INFO:(0)] Running Awesomium 1.7.3
[1216/023616:INFO:(0)] WebCore is now online.
[1216/023616:INFO:(0)] Running Awesomium 1.7.3
[1216/023926:INFO:(0)] WebCore is now online.
[1216/023926:INFO:(0)] Running Awesomium 1.7.3
[1216/024218:INFO:(0)] WebCore is now online.
[1216/024218:INFO:(0)] Running Awesomium 1.7.3
[1216/024302:INFO:(0)] WebCore is now online.
[1216/024302:INFO:(0)] Running Awesomium 1.7.3
[1216/024344:INFO:(0)] WebCore is now online.
[1216/024344:INFO:(0)] Running Awesomium 1.7.3
[1216/024459:INFO:(0)] WebCore is now online.
[1216/024459:INFO:(0)] Running Awesomium 1.7.3
[1216/024605:INFO:(0)] WebCore is now online.
[1216/024605:INFO:(0)] Running Awesomium 1.7.3
[1216/024852:INFO:(0)] WebCore is now online.
[1216/024852:INFO:(0)] Running Awesomium 1.7.3
[1216/025211:INFO:(0)] WebCore is now online.
[1216/025211:INFO:(0)] Running Awesomium 1.7.3
[1216/025725:INFO:(0)] WebCore is now online.
[1216/025725:INFO:(0)] Running Awesomium 1.7.3
[1216/025844:INFO:(0)] WebCore is now online.
[1216/025844:INFO:(0)] Running Awesomium 1.7.3
[1216/025921:ERROR:ssl_client_socket_nss.cc(1529)] handshake with server beacon.krxd.net:443 failed; NSS error code -5938, net_error -107
[1216/025921:ERROR:ssl_client_socket_nss.cc(1529)] handshake with server beacon.krxd.net:443 failed; NSS error code -5938, net_error -107
[1216/030057:INFO:(0)] WebCore is now online.
[1216/030057:INFO:(0)] Running Awesomium 1.7.3
[1216/030243:INFO:(0)] WebCore is now online.
[1216/030243:INFO:(0)] Running Awesomium 1.7.3
[1216/030534:INFO:(0)] WebCore is now online.
[1216/030534:INFO:(0)] Running Awesomium 1.7.3
[1216/030740:INFO:(0)] WebCore is now online.
[1216/030740:INFO:(0)] Running Awesomium 1.7.3
[1216/030822:INFO:(0)] WebCore is now online.
[1216/030822:INFO:(0)] Running Awesomium 1.7.3
[1216/030859:INFO:(0)] WebCore is now online.
[1216/030859:INFO:(0)] Running Awesomium 1.7.3
[1216/031333:INFO:(0)] WebCore is now online.
[1216/031333:INFO:(0)] Running Awesomium 1.7.3
[1216/031419:ERROR:ssl_client_socket_nss.cc(1529)] handshake with server i2-tqvbaeldddeltjfwkuqtacvmierjrr.init.cedexis-radar.net:443 failed; NSS error code -12190, net_error -107
[1216/031419:ERROR:ssl_client_socket_nss.cc(1529)] handshake with server i2-tqvbaeldddeltjfwkuqtacvmierjrr.init.cedexis-radar.net:443 failed; NSS error code -12286, net_error -113
[1216/031421:ERROR:ssl_client_socket_nss.cc(1529)] handshake with server tag.marinsm.com:443 failed; NSS error code -12190, net_error -107
[1216/031421:ERROR:ssl_client_socket_nss.cc(1529)] handshake with server tag.marinsm.com:443 failed; NSS error code -12286, net_error -113
[1216/031422:ERROR:ssl_client_socket_nss.cc(1529)] handshake with server p.adsymptotic.com:443 failed; NSS error code -12286, net_error -113
[1216/031422:ERROR:ssl_client_socket_nss.cc(1529)] handshake with server p.adsymptotic.com:443 failed; NSS error code -12286, net_error -113
[1216/031423:ERROR:ssl_client_socket_nss.cc(1529)] handshake with server p.adsymptotic.com:443 failed; NSS error code -12286, net_error -113
[1216/031423:ERROR:ssl_client_socket_nss.cc(1529)] handshake with server p.adsymptotic.com:443 failed; NSS error code -12286, net_error -113
[1216/031423:ERROR:ssl_client_socket_nss.cc(1529)] handshake with server p.adsymptotic.com:443 failed; NSS error code -12286, net_error -113
[1216/031423:ERROR:ssl_client_socket_nss.cc(1529)] handshake with server p.adsymptotic.com:443 failed; NSS error code -12286, net_error -113
[1216/031424:ERROR:ssl_client_socket_nss.cc(1529)] handshake with server p.adsymptotic.com:443 failed; NSS error code -12286, net_error -113
[1216/031456:ERROR:ssl_client_socket_nss.cc(1529)] handshake with server beacon.krxd.net:443 failed; NSS error code -5938, net_error -107
[1216/031457:ERROR:ssl_client_socket_nss.cc(1529)] handshake with server beacon.krxd.net:443 failed; NSS error code -5938, net_error -107
[1216/031458:ERROR:ssl_client_socket_nss.cc(1529)] handshake with server beacon.krxd.net:443 failed; NSS error code -5938, net_error -107
[1216/031522:ERROR:ssl_client_socket_nss.cc(1529)] handshake with server i2-upylujhlagasosspnkjlrlclhfrrkd.init.cedexis-radar.net:443 failed; NSS error code -12190, net_error -107
[1216/031522:ERROR:ssl_client_socket_nss.cc(1529)] handshake with server i2-upylujhlagasosspnkjlrlclhfrrkd.init.cedexis-radar.net:443 failed; NSS error code -12286, net_error -113
[1216/031530:ERROR:ssl_client_socket_nss.cc(1529)] handshake with server i2-gblvvulnhnqqwocjcfvdqyqdygtuaq.init.cedexis-radar.net:443 failed; NSS error code -12190, net_error -107
[1216/031951:INFO:(0)] WebCore is now online.
[1216/031951:INFO:(0)] Running Awesomium 1.7.3
[1216/035642:INFO:(0)] WebCore is now online.
[1216/035642:INFO:(0)] Running Awesomium 1.7.3
[1216/140313:INFO:(0)] WebCore is now online.
[1216/140313:INFO:(0)] Running Awesomium 1.7.3
[1216/140625:INFO:(0)] WebCore is now online.
[1216/140625:INFO:(0)] Running Awesomium 1.7.3
[1216/141257:INFO:(0)] WebCore is now online.
[1216/141257:INFO:(0)] Running Awesomium 1.7.3
[1216/141326:INFO:(0)] WebCore is now online.
[1216/141326:INFO:(0)] Running Awesomium 1.7.3
[1216/141354:INFO:(0)] WebCore is now online.
[1216/141354:INFO:(0)] Running Awesomium 1.7.3
[1216/150518:INFO:(0)] WebCore is now online.
[1216/150518:INFO:(0)] Running Awesomium 1.7.3
[1216/150658:INFO:(0)] WebCore is now online.
[1216/150658:INFO:(0)] Running Awesomium 1.7.3
[1216/150729:ERROR:ssl_client_socket_nss.cc(1529)] handshake with server beacon.krxd.net:443 failed; NSS error code -5938, net_error -107
[1216/150729:ERROR:ssl_client_socket_nss.cc(1529)] handshake with server beacon.krxd.net:443 failed; NSS error code -5938, net_error -107
[1216/150817:INFO:(0)] WebCore is now online.
[1216/150817:INFO:(0)] Running Awesomium 1.7.3
[1216/151321:INFO:(0)] WebCore is now online.
[1216/151321:INFO:(0)] Running Awesomium 1.7.3
[1216/151555:INFO:(0)] WebCore is now online.
[1216/151555:INFO:(0)] Running Awesomium 1.7.3
[1216/151636:INFO:(0)] WebCore is now online.
[1216/151636:INFO:(0)] Running Awesomium 1.7.3
[1216/151926:INFO:(0)] WebCore is now online.
[1216/151926:INFO:(0)] Running Awesomium 1.7.3
[1216/152000:INFO:(0)] WebCore is now online.
[1216/152000:INFO:(0)] Running Awesomium 1.7.3
[1216/152002:ERROR:ipc_channel_win.cc(360)] pipe error: 232
[1216/152015:INFO:(0)] WebCore is now online.
[1216/152015:INFO:(0)] Running Awesomium 1.7.3
[1216/152054:INFO:(0)] WebCore is now online.
[1216/152054:INFO:(0)] Running Awesomium 1.7.3
[1216/152101:ERROR:ipc_channel_win.cc(360)] pipe error: 232
[1216/152342:INFO:(0)] WebCore is now online.
[1216/152342:INFO:(0)] Running Awesomium 1.7.3
[1216/152348:ERROR:ipc_channel_win.cc(360)] pipe error: 232
[1216/152510:INFO:(0)] WebCore is now online.
[1216/152510:INFO:(0)] Running Awesomium 1.7.3
[1216/152517:ERROR:ipc_channel_win.cc(360)] pipe error: 232
[1216/152949:INFO:(0)] WebCore is now online.
[1216/152949:INFO:(0)] Running Awesomium 1.7.3
[1216/153249:INFO:(0)] WebCore is now online.
[1216/153249:INFO:(0)] Running Awesomium 1.7.3
[1216/153745:INFO:(0)] WebCore is now online.
[1216/153745:INFO:(0)] Running Awesomium 1.7.3
[1216/154035:INFO:(0)] WebCore is now online.
[1216/154035:INFO:(0)] Running Awesomium 1.7.3
[1216/154155:INFO:(0)] WebCore is now online.
[1216/154155:INFO:(0)] Running Awesomium 1.7.3
[1216/154309:INFO:(0)] WebCore is now online.
[1216/154309:INFO:(0)] Running Awesomium 1.7.3
[1216/154401:ERROR:ipc_channel_win.cc(360)] pipe error: 232
[1216/154505:INFO:(0)] WebCore is now online.
[1216/154505:INFO:(0)] Running Awesomium 1.7.3
[1216/154905:INFO:(0)] WebCore is now online.
[1216/154905:INFO:(0)] Running Awesomium 1.7.3
[1216/204235:INFO:(0)] WebCore is now online.
[1216/204235:INFO:(0)] Running Awesomium 1.7.3
[1216/204316:ERROR:ssl_client_socket_nss.cc(1529)] handshake with server beacon.krxd.net:443 failed; NSS error code -5938, net_error -107
[1216/204316:ERROR:ssl_client_socket_nss.cc(1529)] handshake with server beacon.krxd.net:443 failed; NSS error code -5938, net_error -107
[1216/214932:INFO:(0)] WebCore is now online.
[1216/214932:INFO:(0)] Running Awesomium 1.7.3
[1216/215125:INFO:(0)] WebCore is now online.
[1216/215125:INFO:(0)] Running Awesomium 1.7.3
[1216/215201:INFO:(0)] WebCore is now online.
[1216/215201:INFO:(0)] Running Awesomium 1.7.3
[1216/215307:INFO:(0)] WebCore is now online.
[1216/215307:INFO:(0)] Running Awesomium 1.7.3
[1216/215410:INFO:(0)] WebCore is now online.
[1216/215410:INFO:(0)] Running Awesomium 1.7.3
[1216/215433:INFO:(0)] WebCore is now online.
[1216/215433:INFO:(0)] Running Awesomium 1.7.3
[1216/215435:ERROR:ipc_channel_win.cc(360)] pipe error: 232
[1216/215440:INFO:(0)] WebCore is now online.
[1216/215440:INFO:(0)] Running Awesomium 1.7.3
[1217/000501:INFO:(0)] WebCore is now online.
[1217/000501:INFO:(0)] Running Awesomium 1.7.3
[1217/000625:INFO:(0)] WebCore is now online.
[1217/000625:INFO:(0)] Running Awesomium 1.7.3
[1217/003718:INFO:(0)] WebCore is now online.
[1217/003718:INFO:(0)] Running Awesomium 1.7.3
[1217/004923:INFO:(0)] WebCore is now online.
[1217/004923:INFO:(0)] Running Awesomium 1.7.3
[1217/010431:INFO:(0)] WebCore is now online.
[1217/010431:INFO:(0)] Running Awesomium 1.7.3
[1217/010647:INFO:(0)] WebCore is now online.
[1217/010647:INFO:(0)] Running Awesomium 1.7.3
[1217/010932:INFO:(0)] WebCore is now online.
[1217/010932:INFO:(0)] Running Awesomium 1.7.3
[1217/011247:INFO:(0)] WebCore is now online.
[1217/011247:INFO:(0)] Running Awesomium 1.7.3
[1217/011509:INFO:(0)] WebCore is now online.
[1217/011509:INFO:(0)] Running Awesomium 1.7.3
[1217/011602:INFO:(0)] WebCore is now online.
[1217/011602:INFO:(0)] Running Awesomium 1.7.3
[1217/012056:INFO:(0)] WebCore is now online.
[1217/012056:INFO:(0)] Running Awesomium 1.7.3
[1217/012129:INFO:(0)] WebCore is now online.
[1217/012129:INFO:(0)] Running Awesomium 1.7.3
[1217/012340:INFO:(0)] WebCore is now online.
[1217/012340:INFO:(0)] Running Awesomium 1.7.3
[1217/012516:INFO:(0)] WebCore is now online.
[1217/012516:INFO:(0)] Running Awesomium 1.7.3
[1217/012852:INFO:(0)] WebCore is now online.
[1217/012852:INFO:(0)] Running Awesomium 1.7.3
[1217/013848:INFO:(0)] WebCore is now online.
[1217/013848:INFO:(0)] Running Awesomium 1.7.3
[1217/014108:INFO:(0)] WebCore is now online.
[1217/014108:INFO:(0)] Running Awesomium 1.7.3
[1217/014142:INFO:(0)] WebCore is now online.
[1217/014142:INFO:(0)] Running Awesomium 1.7.3
[1217/014330:INFO:(0)] WebCore is now online.
[1217/014330:INFO:(0)] Running Awesomium 1.7.3
[1217/014427:ERROR:ipc_channel_win.cc(360)] pipe error: 232
[1217/014718:INFO:(0)] WebCore is now online.
[1217/014718:INFO:(0)] Running Awesomium 1.7.3
[1217/020029:INFO:(0)] WebCore is now online.
[1217/020029:INFO:(0)] Running Awesomium 1.7.3
[1217/020500:INFO:(0)] WebCore is now online.
[1217/020500:INFO:(0)] Running Awesomium 1.7.3
[1217/020617:INFO:(0)] WebCore is now online.
[1217/020617:INFO:(0)] Running Awesomium 1.7.3
[1217/021422:INFO:(0)] WebCore is now online.
[1217/021422:INFO:(0)] Running Awesomium 1.7.3
[1217/021959:INFO:(0)] WebCore is now online.
[1217/021959:INFO:(0)] Running Awesomium 1.7.3
[1217/022016:INFO:(0)] WebCore is now online.
[1217/022016:INFO:(0)] Running Awesomium 1.7.3
[1217/022102:INFO:(0)] WebCore is now online.
[1217/022102:INFO:(0)] Running Awesomium 1.7.3
[1217/022505:INFO:(0)] WebCore is now online.
[1217/022505:INFO:(0)] Running Awesomium 1.7.3
[1217/022646:INFO:(0)] WebCore is now online.
[1217/022646:INFO:(0)] Running Awesomium 1.7.3
[1217/084548:INFO:(0)] WebCore is now online.
[1217/084548:INFO:(0)] Running Awesomium 1.7.3
[1217/084718:INFO:(0)] WebCore is now online.
[1217/084718:INFO:(0)] Running Awesomium 1.7.3
[1217/091455:INFO:(0)] WebCore is now online.
[1217/091455:INFO:(0)] Running Awesomium 1.7.3
[1217/091702:INFO:(0)] WebCore is now online.
[1217/091702:INFO:(0)] Running Awesomium 1.7.3
[1217/091913:INFO:(0)] WebCore is now online.
[1217/091913:INFO:(0)] Running Awesomium 1.7.3
[1217/092348:INFO:(0)] WebCore is now online.
[1217/092348:INFO:(0)] Running Awesomium 1.7.3
[1217/093641:INFO:(0)] WebCore is now online.
[1217/093641:INFO:(0)] Running Awesomium 1.7.3
[1217/094101:INFO:(0)] WebCore is now online.
[1217/094101:INFO:(0)] Running Awesomium 1.7.3
[1217/094213:INFO:(0)] WebCore is now online.
[1217/094213:INFO:(0)] Running Awesomium 1.7.3
[1217/094323:INFO:(0)] WebCore is now online.
[1217/094323:INFO:(0)] Running Awesomium 1.7.3
[1217/094539:INFO:(0)] WebCore is now online.
[1217/094539:INFO:(0)] Running Awesomium 1.7.3
[1217/095055:INFO:(0)] WebCore is now online.
[1217/095055:INFO:(0)] Running Awesomium 1.7.3
[1217/095331:INFO:(0)] WebCore is now online.
[1217/095331:INFO:(0)] Running Awesomium 1.7.3
[1217/095521:INFO:(0)] WebCore is now online.
[1217/095521:INFO:(0)] Running Awesomium 1.7.3
[1217/095554:INFO:(0)] WebCore is now online.
[1217/095554:INFO:(0)] Running Awesomium 1.7.3
[1217/095950:INFO:(0)] WebCore is now online.
[1217/095950:INFO:(0)] Running Awesomium 1.7.3
[1217/100028:ERROR:ssl_client_socket_nss.cc(1529)] handshake with server beacon.krxd.net:443 failed; NSS error code -5938, net_error -107
[1217/100029:ERROR:ssl_client_socket_nss.cc(1529)] handshake with server beacon.krxd.net:443 failed; NSS error code -5938, net_error -107
[1217/100209:INFO:(0)] WebCore is now online.
[1217/100209:INFO:(0)] Running Awesomium 1.7.3
[1217/100235:INFO:(0)] WebCore is now online.
[1217/100235:INFO:(0)] Running Awesomium 1.7.3
[1217/100647:INFO:(0)] WebCore is now online.
[1217/100647:INFO:(0)] Running Awesomium 1.7.3
[1217/100923:INFO:(0)] WebCore is now online.
[1217/100923:INFO:(0)] Running Awesomium 1.7.3
[1217/101003:INFO:(0)] WebCore is now online.
[1217/101003:INFO:(0)] Running Awesomium 1.7.3
[1217/101240:INFO:(0)] WebCore is now online.
[1217/101240:INFO:(0)] Running Awesomium 1.7.3
[1217/101431:INFO:(0)] WebCore is now online.
[1217/101431:INFO:(0)] Running Awesomium 1.7.3
[1217/101512:INFO:(0)] WebCore is now online.
[1217/101512:INFO:(0)] Running Awesomium 1.7.3
[1217/101553:INFO:(0)] WebCore is now online.
[1217/101553:INFO:(0)] Running Awesomium 1.7.3
[1217/101659:INFO:(0)] WebCore is now online.
[1217/101659:INFO:(0)] Running Awesomium 1.7.3
[1217/101807:ERROR:ipc_channel_win.cc(360)] pipe error: 232
[1217/101956:INFO:(0)] WebCore is now online.
[1217/101956:INFO:(0)] Running Awesomium 1.7.3
[1217/102134:INFO:(0)] WebCore is now online.
[1217/102134:INFO:(0)] Running Awesomium 1.7.3
[1217/102257:INFO:(0)] WebCore is now online.
[1217/102257:INFO:(0)] Running Awesomium 1.7.3
[1217/102536:INFO:(0)] WebCore is now online.
[1217/102536:INFO:(0)] Running Awesomium 1.7.3
[1217/103011:INFO:(0)] WebCore is now online.
[1217/103011:INFO:(0)] Running Awesomium 1.7.3
[1217/103015:ERROR:ipc_channel_win.cc(360)] pipe error: 232
[1217/103051:INFO:(0)] WebCore is now online.
[1217/103051:INFO:(0)] Running Awesomium 1.7.3
[1217/103303:INFO:(0)] WebCore is now online.
[1217/103303:INFO:(0)] Running Awesomium 1.7.3
[1217/103405:INFO:(0)] WebCore is now online.
[1217/103405:INFO:(0)] Running Awesomium 1.7.3
[1217/121751:INFO:(0)] WebCore is now online.
[1217/121751:INFO:(0)] Running Awesomium 1.7.3
[1217/123150:INFO:(0)] WebCore is now online.
[1217/123150:INFO:(0)] Running Awesomium 1.7.3
[1217/123256:ERROR:ssl_client_socket_nss.cc(1529)] handshake with server beacon.krxd.net:443 failed; NSS error code -5938, net_error -107
[1217/123256:ERROR:ssl_client_socket_nss.cc(1529)] handshake with server beacon.krxd.net:443 failed; NSS error code -5938, net_error -107
[1217/123301:ERROR:ssl_client_socket_nss.cc(1529)] handshake with server sync-tm.everesttech.net:443 failed; NSS error code -12190, net_error -107
[1217/123301:ERROR:ssl_client_socket_nss.cc(1529)] handshake with server sync-tm.everesttech.net:443 failed; NSS error code -12286, net_error -113
[1217/145400:INFO:(0)] WebCore is now online.
[1217/145400:INFO:(0)] Running Awesomium 1.7.3
[1217/145513:INFO:(0)] WebCore is now online.
[1217/145513:INFO:(0)] Running Awesomium 1.7.3
[1217/151950:INFO:(0)] WebCore is now online.
[1217/151950:INFO:(0)] Running Awesomium 1.7.3
[1217/152048:ERROR:ssl_client_socket_nss.cc(1529)] handshake with server i2-bwplpmoacuqixnvopdocilztxnwgvh.init.cedexis-radar.net:443 failed; NSS error code -12190, net_error -107
[1217/152049:ERROR:ssl_client_socket_nss.cc(1529)] handshake with server i2-bwplpmoacuqixnvopdocilztxnwgvh.init.cedexis-radar.net:443 failed; NSS error code -12286, net_error -113
[1217/152049:ERROR:ssl_client_socket_nss.cc(1529)] handshake with server tag.marinsm.com:443 failed; NSS error code -12190, net_error -107
[1217/152049:ERROR:ssl_client_socket_nss.cc(1529)] handshake with server tag.marinsm.com:443 failed; NSS error code -12286, net_error -113
[1217/152101:INFO:(0)] WebCore is now online.
[1217/152101:INFO:(0)] Running Awesomium 1.7.3
[1217/152201:INFO:(0)] WebCore is now online.
[1217/152201:INFO:(0)] Running Awesomium 1.7.3
[1217/152312:ERROR:ssl_client_socket_nss.cc(1529)] handshake with server beacon.krxd.net:443 failed; NSS error code -5938, net_error -107
[1217/152312:ERROR:ssl_client_socket_nss.cc(1529)] handshake with server beacon.krxd.net:443 failed; NSS error code -5938, net_error -107
[1217/160414:INFO:(0)] WebCore is now online.
[1217/160414:INFO:(0)] Running Awesomium 1.7.3
[1217/160456:INFO:(0)] WebCore is now online.
[1217/160456:INFO:(0)] Running Awesomium 1.7.3
[1217/160534:INFO:(0)] WebCore is now online.
[1217/160534:INFO:(0)] Running Awesomium 1.7.3
[1217/160725:ERROR:ssl_client_socket_nss.cc(1529)] handshake with server i2-qmvtcrvgxtssuoxdqmwlxtrnvwtngn.init.cedexis-radar.net:443 failed; NSS error code -12190, net_error -107
[1217/160726:ERROR:ssl_client_socket_nss.cc(1529)] handshake with server i2-qmvtcrvgxtssuoxdqmwlxtrnvwtngn.init.cedexis-radar.net:443 failed; NSS error code -12286, net_error -113
[1217/160727:ERROR:ssl_client_socket_nss.cc(1529)] handshake with server tag.marinsm.com:443 failed; NSS error code -12190, net_error -107
[1217/160727:ERROR:ssl_client_socket_nss.cc(1529)] handshake with server tag.marinsm.com:443 failed; NSS error code -12286, net_error -113
[1217/160833:ERROR:ssl_client_socket_nss.cc(1529)] handshake with server s.swiftypecdn.com:443 failed; NSS error code -12190, net_error -107
[1217/160833:ERROR:ssl_client_socket_nss.cc(1529)] handshake with server widget.perfectmarket.com:443 failed; NSS error code -12190, net_error -107
[1217/160833:ERROR:ssl_client_socket_nss.cc(1529)] handshake with server s.swiftypecdn.com:443 failed; NSS error code -12286, net_error -113
[1217/160833:ERROR:ssl_client_socket_nss.cc(1529)] handshake with server widget.perfectmarket.com:443 failed; NSS error code -12286, net_error -113
[1217/160835:ERROR:ssl_client_socket_nss.cc(1529)] handshake with server p.adsymptotic.com:443 failed; NSS error code -12286, net_error -113
[1217/160835:ERROR:ssl_client_socket_nss.cc(1529)] handshake with server p.adsymptotic.com:443 failed; NSS error code -12286, net_error -113
[1217/160837:ERROR:ssl_client_socket_nss.cc(1529)] handshake with server sync-tm.everesttech.net:443 failed; NSS error code -12190, net_error -107
[1217/160837:ERROR:ssl_client_socket_nss.cc(1529)] handshake with server match.taboola.com:443 failed; NSS error code -12190, net_error -107
[1217/160837:ERROR:ssl_client_socket_nss.cc(1529)] handshake with server sync-tm.everesttech.net:443 failed; NSS error code -12190, net_error -107
[1217/160838:ERROR:ssl_client_socket_nss.cc(1529)] handshake with server sync-tm.everesttech.net:443 failed; NSS error code -12286, net_error -113
[1217/160838:ERROR:ssl_client_socket_nss.cc(1529)] handshake with server match.taboola.com:443 failed; NSS error code -12286, net_error -113
[1217/160838:ERROR:ssl_client_socket_nss.cc(1529)] handshake with server sync-tm.everesttech.net:443 failed; NSS error code -12286, net_error -113
[1217/160838:ERROR:ssl_client_socket_nss.cc(1529)] handshake with server sync-tm.everesttech.net:443 failed; NSS error code -12190, net_error -107
[1217/160838:ERROR:ssl_client_socket_nss.cc(1529)] handshake with server sync-tm.everesttech.net:443 failed; NSS error code -12286, net_error -113
[1217/160839:ERROR:ssl_client_socket_nss.cc(1529)] handshake with server pm.w55c.net:443 failed; NSS error code -5938, net_error -107
[1217/160840:ERROR:ssl_client_socket_nss.cc(1529)] handshake with server pm.w55c.net:443 failed; NSS error code -5938, net_error -107
[1217/160844:ERROR:ssl_client_socket_nss.cc(1529)] handshake with server sync-tm.everesttech.net:443 failed; NSS error code -12286, net_error -113
[1217/160845:ERROR:ssl_client_socket_nss.cc(1529)] handshake with server pm.w55c.net:443 failed; NSS error code -5938, net_error -107
[1220/001247:INFO:(0)] WebCore is now online.
[1220/001247:INFO:(0)] Running Awesomium 1.7.3
[1220/003803:INFO:(0)] WebCore is now online.
[1220/003803:INFO:(0)] Running Awesomium 1.7.3
[1220/004037:INFO:(0)] WebCore is now online.
[1220/004037:INFO:(0)] Running Awesomium 1.7.3
[1220/004128:INFO:(0)] WebCore is now online.
[1220/004128:INFO:(0)] Running Awesomium 1.7.3
[1220/004326:INFO:(0)] WebCore is now online.
[1220/004326:INFO:(0)] Running Awesomium 1.7.3
[1220/005232:INFO:(0)] WebCore is now online.
[1220/005232:INFO:(0)] Running Awesomium 1.7.3
[1220/005335:INFO:(0)] WebCore is now online.
[1220/005335:INFO:(0)] Running Awesomium 1.7.3
[1220/005438:INFO:(0)] WebCore is now online.
[1220/005438:INFO:(0)] Running Awesomium 1.7.3
[1220/005508:INFO:(0)] WebCore is now online.
[1220/005508:INFO:(0)] Running Awesomium 1.7.3
[1220/005539:INFO:(0)] WebCore is now online.
[1220/005539:INFO:(0)] Running Awesomium 1.7.3
[1220/005703:INFO:(0)] WebCore is now online.
[1220/005703:INFO:(0)] Running Awesomium 1.7.3
[1220/013343:INFO:(0)] WebCore is now online.
[1220/013343:INFO:(0)] Running Awesomium 1.7.3
[1220/020446:INFO:(0)] WebCore is now online.
[1220/020446:INFO:(0)] Running Awesomium 1.7.3
[1220/020509:INFO:(0)] WebCore is now online.
[1220/020509:INFO:(0)] Running Awesomium 1.7.3
[1220/020551:INFO:(0)] WebCore is now online.
[1220/020551:INFO:(0)] Running Awesomium 1.7.3
[1220/121614:INFO:(0)] WebCore is now online.
[1220/121614:INFO:(0)] Running Awesomium 1.7.3
[1220/123559:INFO:(0)] WebCore is now online.
[1220/123559:INFO:(0)] Running Awesomium 1.7.3
[1220/124058:INFO:(0)] WebCore is now online.
[1220/124058:INFO:(0)] Running Awesomium 1.7.3
[1220/124305:INFO:(0)] WebCore is now online.
[1220/124305:INFO:(0)] Running Awesomium 1.7.3
[1220/124410:INFO:(0)] WebCore is now online.
[1220/124410:INFO:(0)] Running Awesomium 1.7.3
[1220/124522:INFO:(0)] WebCore is now online.
[1220/124522:INFO:(0)] Running Awesomium 1.7.3
[1220/124619:INFO:(0)] WebCore is now online.
[1220/124619:INFO:(0)] Running Awesomium 1.7.3
[1220/185333:INFO:(0)] WebCore is now online.
[1220/185333:INFO:(0)] Running Awesomium 1.7.3
[1220/185352:ERROR:ipc_channel_win.cc(360)] pipe error: 232
[0325/005612:INFO:(0)] WebCore is now online.
[0325/005612:INFO:(0)] Running Awesomium 1.7.3
[0325/010635:INFO:(0)] WebCore is now online.
[0325/010635:INFO:(0)] Running Awesomium 1.7.3
[0325/010709:INFO:(0)] WebCore is now online.
[0325/010709:INFO:(0)] Running Awesomium 1.7.3
[0325/011151:INFO:(0)] WebCore is now online.
[0325/011151:INFO:(0)] Running Awesomium 1.7.3
